<?xml version="1.0" encoding="UTF-8"?>
<!-- Generated by org.testng.reporters.JUnitXMLReporter -->
<testsuite ignored="0" hostname="DEL-0956" failures="0" tests="4" name="Test" time="11.225" errors="0" timestamp="2021-06-14T09:24:43 IST">
  <testcase classname="extentReportTestNG.extentReportTestNG" name="test1" time="0.035"/>
  <testcase classname="extentReportTestNG.extentReportTestNG2" name="test1" time="0.037"/>
  <testcase classname="extentReportTestNG.extentReportTestNG" name="test2" time="0.005"/>
  <testcase classname="extentReportTestNG.extentReportTestNG2" name="test2" time="0.01"/>
</testsuite> <!-- Test -->
