<?xml version="1.0" encoding="UTF-8"?>
<testng-results ignored="0" total="2" passed="2" failed="0" skipped="0">
  <reporter-output>
  </reporter-output>
  <suite started-at="2021-06-12T13:20:02 IST" name="Default suite" finished-at="2021-06-12T13:20:07 IST" duration-ms="5232">
    <groups>
    </groups>
    <test started-at="2021-06-12T13:20:02 IST" name="Default test" finished-at="2021-06-12T13:20:07 IST" duration-ms="5232">
      <class name="extentReportTestNG.extentReportTestNG">
        <test-method is-config="true" signature="setUP()[pri:0, instance:extentReportTestNG.extentReportTestNG@18d87d80]" started-at="2021-06-12T13:20:01 IST" name="setUP" finished-at="2021-06-12T13:20:02 IST" duration-ms="846" status="PASS">
          <reporter-output>
          </reporter-output>
        </test-method> <!-- setUP -->
        <test-method is-config="true" signature="setup()[pri:0, instance:extentReportTestNG.extentReportTestNG@18d87d80]" started-at="2021-06-12T13:20:02 IST" name="setup" finished-at="2021-06-12T13:20:06 IST" duration-ms="4199" status="PASS">
          <reporter-output>
          </reporter-output>
        </test-method> <!-- setup -->
        <test-method signature="test1()[pri:0, instance:extentReportTestNG.extentReportTestNG@18d87d80]" started-at="2021-06-12T13:20:06 IST" name="test1" finished-at="2021-06-12T13:20:06 IST" duration-ms="36" status="PASS">
          <reporter-output>
          </reporter-output>
        </test-method> <!-- test1 -->
        <test-method signature="test2()[pri:1, instance:extentReportTestNG.extentReportTestNG@18d87d80]" started-at="2021-06-12T13:20:06 IST" name="test2" finished-at="2021-06-12T13:20:06 IST" duration-ms="16" status="PASS">
          <reporter-output>
          </reporter-output>
        </test-method> <!-- test2 -->
        <test-method is-config="true" signature="setclose()[pri:0, instance:extentReportTestNG.extentReportTestNG@18d87d80]" started-at="2021-06-12T13:20:06 IST" name="setclose" finished-at="2021-06-12T13:20:07 IST" duration-ms="896" status="PASS">
          <reporter-output>
          </reporter-output>
        </test-method> <!-- setclose -->
        <test-method is-config="true" signature="tearDown()[pri:0, instance:extentReportTestNG.extentReportTestNG@18d87d80]" started-at="2021-06-12T13:20:07 IST" name="tearDown" finished-at="2021-06-12T13:20:08 IST" duration-ms="510" status="PASS">
          <reporter-output>
          </reporter-output>
        </test-method> <!-- tearDown -->
      </class> <!-- extentReportTestNG.extentReportTestNG -->
    </test> <!-- Default test -->
  </suite> <!-- Default suite -->
</testng-results>
