<?xml version="1.0" encoding="UTF-8"?>
<testng-results ignored="0" total="4" passed="4" failed="0" skipped="0">
  <reporter-output>
  </reporter-output>
  <suite started-at="2021-06-14T09:24:31 IST" name="Suite" finished-at="2021-06-14T09:24:42 IST" duration-ms="11225">
    <groups>
    </groups>
    <test started-at="2021-06-14T09:24:31 IST" name="Test" finished-at="2021-06-14T09:24:42 IST" duration-ms="11225">
      <class name="extentReportTestNG.extentReportTestNG2">
        <test-method is-config="true" signature="setUP()[pri:0, instance:extentReportTestNG.extentReportTestNG2@2c35e847]" started-at="2021-06-14T09:24:31 IST" name="setUP" finished-at="2021-06-14T09:24:31 IST" duration-ms="1" status="PASS">
          <reporter-output>
          </reporter-output>
        </test-method> <!-- setUP -->
        <test-method is-config="true" signature="setup()[pri:0, instance:extentReportTestNG.extentReportTestNG2@2c35e847]" started-at="2021-06-14T09:24:35 IST" name="setup" finished-at="2021-06-14T09:24:38 IST" duration-ms="2976" status="PASS">
          <reporter-output>
          </reporter-output>
        </test-method> <!-- setup -->
        <test-method signature="test1()[pri:0, instance:extentReportTestNG.extentReportTestNG2@2c35e847]" started-at="2021-06-14T09:24:38 IST" name="test1" finished-at="2021-06-14T09:24:39 IST" duration-ms="37" status="PASS">
          <reporter-output>
          </reporter-output>
        </test-method> <!-- test1 -->
        <test-method signature="test2()[pri:1, instance:extentReportTestNG.extentReportTestNG2@2c35e847]" started-at="2021-06-14T09:24:39 IST" name="test2" finished-at="2021-06-14T09:24:39 IST" duration-ms="10" status="PASS">
          <reporter-output>
          </reporter-output>
        </test-method> <!-- test2 -->
        <test-method is-config="true" signature="setclose()[pri:0, instance:extentReportTestNG.extentReportTestNG2@2c35e847]" started-at="2021-06-14T09:24:41 IST" name="setclose" finished-at="2021-06-14T09:24:42 IST" duration-ms="1361" status="PASS">
          <reporter-output>
          </reporter-output>
        </test-method> <!-- setclose -->
        <test-method is-config="true" signature="tearDown()[pri:0, instance:extentReportTestNG.extentReportTestNG2@2c35e847]" started-at="2021-06-14T09:24:43 IST" name="tearDown" finished-at="2021-06-14T09:24:43 IST" duration-ms="162" status="PASS">
          <reporter-output>
          </reporter-output>
        </test-method> <!-- tearDown -->
      </class> <!-- extentReportTestNG.extentReportTestNG2 -->
      <class name="extentReportTestNG.extentReportTestNG">
        <test-method is-config="true" signature="setUP()[pri:0, instance:extentReportTestNG.extentReportTestNG@18d87d80]" started-at="2021-06-14T09:24:31 IST" name="setUP" finished-at="2021-06-14T09:24:31 IST" duration-ms="368" status="PASS">
          <reporter-output>
          </reporter-output>
        </test-method> <!-- setUP -->
        <test-method is-config="true" signature="setup()[pri:0, instance:extentReportTestNG.extentReportTestNG@18d87d80]" started-at="2021-06-14T09:24:31 IST" name="setup" finished-at="2021-06-14T09:24:35 IST" duration-ms="4142" status="PASS">
          <reporter-output>
          </reporter-output>
        </test-method> <!-- setup -->
        <test-method signature="test1()[pri:0, instance:extentReportTestNG.extentReportTestNG@18d87d80]" started-at="2021-06-14T09:24:38 IST" name="test1" finished-at="2021-06-14T09:24:39 IST" duration-ms="35" status="PASS">
          <reporter-output>
          </reporter-output>
        </test-method> <!-- test1 -->
        <test-method signature="test2()[pri:1, instance:extentReportTestNG.extentReportTestNG@18d87d80]" started-at="2021-06-14T09:24:39 IST" name="test2" finished-at="2021-06-14T09:24:39 IST" duration-ms="5" status="PASS">
          <reporter-output>
          </reporter-output>
        </test-method> <!-- test2 -->
        <test-method is-config="true" signature="setclose()[pri:0, instance:extentReportTestNG.extentReportTestNG@18d87d80]" started-at="2021-06-14T09:24:39 IST" name="setclose" finished-at="2021-06-14T09:24:41 IST" duration-ms="2562" status="PASS">
          <reporter-output>
          </reporter-output>
        </test-method> <!-- setclose -->
        <test-method is-config="true" signature="tearDown()[pri:0, instance:extentReportTestNG.extentReportTestNG@18d87d80]" started-at="2021-06-14T09:24:43 IST" name="tearDown" finished-at="2021-06-14T09:24:43 IST" duration-ms="493" status="PASS">
          <reporter-output>
          </reporter-output>
        </test-method> <!-- tearDown -->
      </class> <!-- extentReportTestNG.extentReportTestNG -->
    </test> <!-- Test -->
  </suite> <!-- Suite -->
</testng-results>
